2023-07-18 16:18:38,100 [Worker-8: Loading available Gradle versions] INFO  o.e.b.c.i.u.g.PublishedGradleVersions - Gradle version information cache is up-to-date. Trying to read.
2023-07-18 16:19:03,218 [Worker-9: Updating Maven Dependencies] INFO  o.e.m.c.i.l.LifecycleMappingFactory - Using org.eclipse.m2e.jdt.JarLifecycleMapping lifecycle mapping for MavenProject: Usuario-Servicio:Usuario-Servicio:1.0 @ C:\Users\51966\Documents\workspace-spring-tool-suite-4-4.16.0.RELEASE\Usuario-Servicio\pom.xml.
2023-07-18 16:19:05,776 [Worker-1: Building] INFO  o.a.m.s.f.DefaultMavenResourcesFiltering - Copying 0 resource
2023-07-18 16:19:05,777 [Worker-1: Building] INFO  o.a.m.s.f.DefaultMavenResourcesFiltering - Copying 1 resource
2023-07-18 16:19:05,786 [Worker-1: Building] INFO  o.a.m.s.f.DefaultMavenResourcesFiltering - skip non existing resourceDirectory C:\Users\51966\Documents\workspace-spring-tool-suite-4-4.16.0.RELEASE\Usuario-Servicio\src\test\resources
2023-07-18 16:19:20,787 [Worker-3: Building] INFO  o.e.m.c.i.l.LifecycleMappingFactory - Using org.eclipse.m2e.jdt.JarLifecycleMapping lifecycle mapping for MavenProject: Moto-Servicio:Moto-Servicio:1.0 @ C:\Users\51966\Documents\workspace-spring-tool-suite-4-4.16.0.RELEASE\Moto-Servicio\pom.xml.
2023-07-18 16:19:22,177 [Worker-3: Building] INFO  o.a.m.s.f.DefaultMavenResourcesFiltering - Copying 0 resource from src\main\resources to target\classes
2023-07-18 16:19:22,178 [Worker-3: Building] INFO  o.a.m.s.f.DefaultMavenResourcesFiltering - Copying 1 resource from src\main\resources to target\classes
2023-07-18 16:19:22,213 [Worker-3: Building] INFO  o.a.m.s.f.DefaultMavenResourcesFiltering - skip non existing resourceDirectory C:\Users\51966\Documents\workspace-spring-tool-suite-4-4.16.0.RELEASE\Moto-Servicio\src\test\resources
2023-07-18 16:19:22,751 [Worker-0: Updating Maven Dependencies] INFO  o.e.m.c.i.l.LifecycleMappingFactory - Using org.eclipse.m2e.jdt.JarLifecycleMapping lifecycle mapping for MavenProject: Moto-Servicio:Moto-Servicio:1.0 @ C:\Users\51966\Documents\workspace-spring-tool-suite-4-4.16.0.RELEASE\Moto-Servicio\pom.xml.
2023-07-18 16:19:24,148 [Worker-9: Building] INFO  o.a.m.s.f.DefaultMavenResourcesFiltering - Copying 0 resource from src\main\resources to target\classes
2023-07-18 16:19:24,150 [Worker-9: Building] INFO  o.a.m.s.f.DefaultMavenResourcesFiltering - Copying 1 resource from src\main\resources to target\classes
2023-07-18 16:19:24,157 [Worker-9: Building] INFO  o.a.m.s.f.DefaultMavenResourcesFiltering - skip non existing resourceDirectory C:\Users\51966\Documents\workspace-spring-tool-suite-4-4.16.0.RELEASE\Moto-Servicio\src\test\resources
2023-07-18 16:19:31,826 [Worker-10: Building] INFO  o.e.m.c.i.l.LifecycleMappingFactory - Using org.eclipse.m2e.jdt.JarLifecycleMapping lifecycle mapping for MavenProject: com.tutorial:config-service:0.0.1-SNAPSHOT @ C:\Users\51966\Documents\workspace-spring-tool-suite-4-4.16.0.RELEASE\config-service\pom.xml.
2023-07-18 16:19:32,279 [Worker-10: Building] INFO  o.a.m.s.f.DefaultMavenResourcesFiltering - Copying 1 resource from src\main\resources to target\classes
2023-07-18 16:19:32,304 [Worker-10: Building] INFO  o.a.m.s.f.DefaultMavenResourcesFiltering - Copying 0 resource from src\main\resources to target\classes
2023-07-18 16:19:32,308 [Worker-10: Building] INFO  o.a.m.s.f.DefaultMavenResourcesFiltering - skip non existing resourceDirectory C:\Users\51966\Documents\workspace-spring-tool-suite-4-4.16.0.RELEASE\config-service\src\test\resources
2023-07-18 16:19:34,048 [Worker-9: Building] INFO  o.a.m.s.f.DefaultMavenResourcesFiltering - Copying 1 resource from src\main\resources to target\classes
2023-07-18 16:19:34,051 [Worker-9: Building] INFO  o.a.m.s.f.DefaultMavenResourcesFiltering - Copying 0 resource from src\main\resources to target\classes
2023-07-18 16:19:34,058 [Worker-9: Building] INFO  o.a.m.s.f.DefaultMavenResourcesFiltering - skip non existing resourceDirectory C:\Users\51966\Documents\workspace-spring-tool-suite-4-4.16.0.RELEASE\config-service\src\test\resources
2023-07-18 16:19:34,072 [Worker-4: Updating Maven Dependencies] INFO  o.e.m.c.i.l.LifecycleMappingFactory - Using org.eclipse.m2e.jdt.JarLifecycleMapping lifecycle mapping for MavenProject: com.tutorial:config-service:0.0.1-SNAPSHOT @ C:\Users\51966\Documents\workspace-spring-tool-suite-4-4.16.0.RELEASE\config-service\pom.xml.
2023-07-18 16:19:35,173 [Worker-11: Building] INFO  o.a.m.s.f.DefaultMavenResourcesFiltering - Copying 0 resource from src\main\resources to target\classes
2023-07-18 16:19:35,173 [Worker-11: Building] INFO  o.a.m.s.f.DefaultMavenResourcesFiltering - Copying 0 resource from src\main\resources to target\classes
2023-07-18 16:19:35,176 [Worker-11: Building] INFO  o.a.m.s.f.DefaultMavenResourcesFiltering - skip non existing resourceDirectory C:\Users\51966\Documents\workspace-spring-tool-suite-4-4.16.0.RELEASE\config-service\src\test\resources
2023-07-18 16:19:41,582 [Worker-11: Building] INFO  o.e.m.c.i.l.LifecycleMappingFactory - Using org.eclipse.m2e.jdt.JarLifecycleMapping lifecycle mapping for MavenProject: Carro-Servicio:Carro-Servicio:1.0 @ C:\Users\51966\Documents\workspace-spring-tool-suite-4-4.16.0.RELEASE\Carro-Servicio\pom.xml.
2023-07-18 16:19:42,088 [Worker-11: Building] INFO  o.a.m.s.f.DefaultMavenResourcesFiltering - Copying 0 resource from src\main\resources to target\classes
2023-07-18 16:19:42,089 [Worker-11: Building] INFO  o.a.m.s.f.DefaultMavenResourcesFiltering - Copying 1 resource from src\main\resources to target\classes
2023-07-18 16:19:42,094 [Worker-11: Building] INFO  o.a.m.s.f.DefaultMavenResourcesFiltering - skip non existing resourceDirectory C:\Users\51966\Documents\workspace-spring-tool-suite-4-4.16.0.RELEASE\Carro-Servicio\src\test\resources
2023-07-18 16:19:43,101 [Worker-8: Updating Maven Dependencies] INFO  o.e.m.c.i.l.LifecycleMappingFactory - Using org.eclipse.m2e.jdt.JarLifecycleMapping lifecycle mapping for MavenProject: Carro-Servicio:Carro-Servicio:1.0 @ C:\Users\51966\Documents\workspace-spring-tool-suite-4-4.16.0.RELEASE\Carro-Servicio\pom.xml.
2023-07-18 16:19:43,902 [Worker-6: Building] INFO  o.a.m.s.f.DefaultMavenResourcesFiltering - Copying 0 resource from src\main\resources to target\classes
2023-07-18 16:19:43,903 [Worker-6: Building] INFO  o.a.m.s.f.DefaultMavenResourcesFiltering - Copying 1 resource from src\main\resources to target\classes
2023-07-18 16:19:43,910 [Worker-6: Building] INFO  o.a.m.s.f.DefaultMavenResourcesFiltering - skip non existing resourceDirectory C:\Users\51966\Documents\workspace-spring-tool-suite-4-4.16.0.RELEASE\Carro-Servicio\src\test\resources
